[debug] [2020-01-10T05:59:51.008Z] ----------------------------------------------------------------------
[debug] [2020-01-10T05:59:51.010Z] Command:       D:\Program Files\nodejs\node.exe C:\Users\Hayden\AppData\Roaming\npm\node_modules\firebase-tools\lib\bin\firebase.js list
[debug] [2020-01-10T05:59:51.011Z] CLI Version:   7.11.0
[debug] [2020-01-10T05:59:51.011Z] Platform:      win32
[debug] [2020-01-10T05:59:51.011Z] Node Version:  v10.16.3
[debug] [2020-01-10T05:59:51.011Z] Time:          Thu Jan 09 2020 23:59:51 GMT-0600 (Central Standard Time)
[debug] [2020-01-10T05:59:51.011Z] ----------------------------------------------------------------------
[debug] [2020-01-10T05:59:51.011Z] 
[debug] [2020-01-10T05:59:51.021Z] > command requires scopes: ["email","openid","https://www.googleapis.com/auth/cloudplatformprojects.readonly","https://www.googleapis.com/auth/firebase","https://www.googleapis.com/auth/cloud-platform"]
[debug] [2020-01-10T05:59:51.021Z] > authorizing via signed-in user
[warn] This command is deprecated. Instead, use 'firebase projects:list' command to list your projects.
[debug] [2020-01-10T05:59:51.025Z] [WARNING] Error: getProjects() is deprecated - update the implementation
    at Object.getProjects (C:\Users\Hayden\AppData\Roaming\npm\node_modules\firebase-tools\lib\api.js:186:35)
    at Command.actionFn (C:\Users\Hayden\AppData\Roaming\npm\node_modules\firebase-tools\lib\commands\list.js:14:16)
    at Command.<anonymous> (C:\Users\Hayden\AppData\Roaming\npm\node_modules\firebase-tools\lib\command.js:156:25)
    at Generator.next (<anonymous>)
    at fulfilled (C:\Users\Hayden\AppData\Roaming\npm\node_modules\firebase-tools\lib\command.js:4:58)
    at process._tickCallback (internal/process/next_tick.js:68:7)
    at Function.Module.runMain (internal/modules/cjs/loader.js:834:11)
    at startup (internal/bootstrap/node.js:283:19)
    at bootstrapNodeJSCore (internal/bootstrap/node.js:622:3)
[debug] [2020-01-10T05:59:51.029Z] >>> HTTP REQUEST GET https://admin.firebase.com/v1/projects  
 
